# JRE version: OpenJDK Runtime Environment (21.0.5) (build 21.0.5+-13047016-b750.29)
# Java VM: OpenJDK 64-Bit Server VM (21.0.5+-13047016-b750.29, mixed mode, tiered, compressed oops, compressed class ptrs, g1 gc, windows-amd64)
GC Precious Log:
 CardTable entry size: 512
 Card Set container configuration: InlinePtr #cards 5 size 8 Array Of Cards #cards 12 size 40 Howl #buckets 4 coarsen threshold 1843 Howl Bitmap #cards 512 size 80 coarsen threshold 460 Card regions per heap region 1 cards per card region 2048
 CPUs: 4 total, 4 available
 Memory: 8080M
 Large Page Support: Disabled
 NUMA Support: Disabled
 Compressed Oops: Enabled (32-bit)
 Heap Region Size: 1M
 Heap Min Capacity: 8M
 Heap Initial Capacity: 128M
 Heap Max Capacity: 2G
 Pre-touch: Disabled
 Parallel Workers: 4
 Concurrent Workers: 1
 Concurrent Refinement Workers: 4
 Periodic GC: Disabled
Heap:
 garbage-first heap   total 462848K, used 302080K [0x0000000080000000, 0x0000000100000000)
  region size 1024K, 30 young (30720K), 15 survivors (15360K)
 Metaspace       used 193635K, committed 196672K, reserved 1245184K
  class space    used 24998K, committed 26560K, reserved 1048576K
GC Heap History (20 events):
Event: 1430.149 GC heap before
{Heap before GC invocations=76 (full 0):
 garbage-first heap   total 429056K, used 381696K [0x0000000080000000, 0x0000000100000000)
  region size 1024K, 144 young (147456K), 8 survivors (8192K)
 Metaspace       used 162866K, committed 165824K, reserved 1245184K
  class space    used 21234K, committed 22720K, reserved 1048576K
}
Event: 1430.165 GC heap after
{Heap after GC invocations=77 (full 0):
 garbage-first heap   total 429056K, used 249344K [0x0000000080000000, 0x0000000100000000)
  region size 1024K, 14 young (14336K), 14 survivors (14336K)
 Metaspace       used 162866K, committed 165824K, reserved 1245184K
  class space    used 21234K, committed 22720K, reserved 1048576K
}
Event: 1432.896 GC heap before
{Heap before GC invocations=78 (full 0):
 garbage-first heap   total 429056K, used 417280K [0x0000000080000000, 0x0000000100000000)
  region size 1024K, 145 young (148480K), 14 survivors (14336K)
 Metaspace       used 166761K, committed 169664K, reserved 1245184K
  class space    used 21567K, committed 23040K, reserved 1048576K
}
Event: 1432.924 GC heap after
{Heap after GC invocations=79 (full 0):
 garbage-first heap   total 443392K, used 259331K [0x0000000080000000, 0x0000000100000000)
  region size 1024K, 19 young (19456K), 19 survivors (19456K)
 Metaspace       used 166761K, committed 169664K, reserved 1245184K
  class space    used 21567K, committed 23040K, reserved 1048576K
}
Event: 1433.945 GC heap before
{Heap before GC invocations=79 (full 0):
 garbage-first heap   total 443392K, used 396547K [0x0000000080000000, 0x0000000100000000)
  region size 1024K, 154 young (157696K), 19 survivors (19456K)
 Metaspace       used 167717K, committed 170624K, reserved 1245184K
  class space    used 21670K, committed 23168K, reserved 1048576K
}
Event: 1433.973 GC heap after
{Heap after GC invocations=80 (full 0):
 garbage-first heap   total 443392K, used 261632K [0x0000000080000000, 0x0000000100000000)
  region size 1024K, 10 young (10240K), 10 survivors (10240K)
 Metaspace       used 167717K, committed 170624K, reserved 1245184K
  class space    used 21670K, committed 23168K, reserved 1048576K
}
Event: 1438.977 GC heap before
{Heap before GC invocations=80 (full 0):
 garbage-first heap   total 443392K, used 359936K [0x0000000080000000, 0x0000000100000000)
  region size 1024K, 108 young (110592K), 10 survivors (10240K)
 Metaspace       used 169083K, committed 172096K, reserved 1245184K
  class space    used 21848K, committed 23424K, reserved 1048576K
}
Event: 1438.988 GC heap after
{Heap after GC invocations=81 (full 0):
 garbage-first heap   total 443392K, used 263168K [0x0000000080000000, 0x0000000100000000)
  region size 1024K, 12 young (12288K), 12 survivors (12288K)
 Metaspace       used 169083K, committed 172096K, reserved 1245184K
  class space    used 21848K, committed 23424K, reserved 1048576K
}
Event: 1479.749 GC heap before
{Heap before GC invocations=82 (full 0):
 garbage-first heap   total 443392K, used 388608K [0x0000000080000000, 0x0000000100000000)
  region size 1024K, 152 young (155648K), 12 survivors (12288K)
 Metaspace       used 174176K, committed 177216K, reserved 1245184K
  class space    used 22372K, committed 23936K, reserved 1048576K
}
Event: 1479.766 GC heap after
{Heap after GC invocations=83 (full 0):
 garbage-first heap   total 443392K, used 248251K [0x0000000080000000, 0x0000000100000000)
  region size 1024K, 9 young (9216K), 9 survivors (9216K)
 Metaspace       used 174176K, committed 177216K, reserved 1245184K
  class space    used 22372K, committed 23936K, reserved 1048576K
}
Event: 1481.384 GC heap before
{Heap before GC invocations=83 (full 0):
 garbage-first heap   total 443392K, used 399803K [0x0000000080000000, 0x0000000100000000)
  region size 1024K, 154 young (157696K), 9 survivors (9216K)
 Metaspace       used 180000K, committed 183040K, reserved 1245184K
  class space    used 23135K, committed 24704K, reserved 1048576K
}
Event: 1481.408 GC heap after
{Heap after GC invocations=84 (full 0):
 garbage-first heap   total 443392K, used 254230K [0x0000000080000000, 0x0000000100000000)
  region size 1024K, 20 young (20480K), 20 survivors (20480K)
 Metaspace       used 180000K, committed 183040K, reserved 1245184K
  class space    used 23135K, committed 24704K, reserved 1048576K
}
Event: 1482.597 GC heap before
{Heap before GC invocations=84 (full 0):
 garbage-first heap   total 443392K, used 397590K [0x0000000080000000, 0x0000000100000000)
  region size 1024K, 161 young (164864K), 20 survivors (20480K)
 Metaspace       used 186456K, committed 189504K, reserved 1245184K
  class space    used 24114K, committed 25664K, reserved 1048576K
}
Event: 1482.631 GC heap after
{Heap after GC invocations=85 (full 0):
 garbage-first heap   total 443392K, used 277504K [0x0000000080000000, 0x0000000100000000)
  region size 1024K, 21 young (21504K), 21 survivors (21504K)
 Metaspace       used 186456K, committed 189504K, reserved 1245184K
  class space    used 24114K, committed 25664K, reserved 1048576K
}
Event: 1484.951 GC heap before
{Heap before GC invocations=86 (full 0):
 garbage-first heap   total 462848K, used 396288K [0x0000000080000000, 0x0000000100000000)
  region size 1024K, 138 young (141312K), 21 survivors (21504K)
 Metaspace       used 192043K, committed 195072K, reserved 1245184K
  class space    used 24833K, committed 26368K, reserved 1048576K
}
Event: 1484.970 GC heap after
{Heap after GC invocations=87 (full 0):
 garbage-first heap   total 462848K, used 284160K [0x0000000080000000, 0x0000000100000000)
  region size 1024K, 6 young (6144K), 6 survivors (6144K)
 Metaspace       used 192043K, committed 195072K, reserved 1245184K
  class space    used 24833K, committed 26368K, reserved 1048576K
}
Event: 1487.079 GC heap before
{Heap before GC invocations=87 (full 0):
 garbage-first heap   total 462848K, used 419328K [0x0000000080000000, 0x0000000100000000)
  region size 1024K, 139 young (142336K), 6 survivors (6144K)
 Metaspace       used 193451K, committed 196480K, reserved 1245184K
  class space    used 24997K, committed 26560K, reserved 1048576K
}
Event: 1487.098 GC heap after
{Heap after GC invocations=88 (full 0):
 garbage-first heap   total 462848K, used 282112K [0x0000000080000000, 0x0000000100000000)
  region size 1024K, 9 young (9216K), 9 survivors (9216K)
 Metaspace       used 193451K, committed 196480K, reserved 1245184K
  class space    used 24997K, committed 26560K, reserved 1048576K
}
Event: 1488.453 GC heap before
{Heap before GC invocations=88 (full 0):
 garbage-first heap   total 462848K, used 423424K [0x0000000080000000, 0x0000000100000000)
  region size 1024K, 148 young (151552K), 9 survivors (9216K)
 Metaspace       used 193637K, committed 196672K, reserved 1245184K
  class space    used 25000K, committed 26560K, reserved 1048576K
}
Event: 1488.469 GC heap after
{Heap after GC invocations=89 (full 0):
 garbage-first heap   total 462848K, used 287744K [0x0000000080000000, 0x0000000100000000)
  region size 1024K, 15 young (15360K), 15 survivors (15360K)
 Metaspace       used 193637K, committed 196672K, reserved 1245184K
  class space    used 25000K, committed 26560K, reserved 1048576K
}

