# JRE version: OpenJDK Runtime Environment (21.0.5) (build 21.0.5+-13047016-b750.29)
# Java VM: OpenJDK 64-Bit Server VM (21.0.5+-13047016-b750.29, mixed mode, tiered, compressed oops, compressed class ptrs, g1 gc, windows-amd64)
GC Precious Log:
 CardTable entry size: 512
 Card Set container configuration: InlinePtr #cards 5 size 8 Array Of Cards #cards 12 size 40 Howl #buckets 4 coarsen threshold 1843 Howl Bitmap #cards 512 size 80 coarsen threshold 460 Card regions per heap region 1 cards per card region 2048
 CPUs: 4 total, 4 available
 Memory: 8080M
 Large Page Support: Disabled
 NUMA Support: Disabled
 Compressed Oops: Enabled (32-bit)
 Heap Region Size: 1M
 Heap Min Capacity: 256M
 Heap Initial Capacity: 256M
 Heap Max Capacity: 512M
 Pre-touch: Disabled
 Parallel Workers: 4
 Concurrent Workers: 1
 Concurrent Refinement Workers: 4
 Periodic GC: Disabled
Heap:
 garbage-first heap   total 262144K, used 181966K [0x00000000e0000000, 0x0000000100000000)
  region size 1024K, 110 young (112640K), 10 survivors (10240K)
 Metaspace       used 92144K, committed 94144K, reserved 458752K
  class space    used 12221K, committed 13248K, reserved 327680K
GC Heap History (20 events):
Event: 2.974 GC heap before
{Heap before GC invocations=4 (full 0):
 garbage-first heap   total 262144K, used 65940K [0x00000000e0000000, 0x0000000100000000)
  region size 1024K, 59 young (60416K), 13 survivors (13312K)
 Metaspace       used 28930K, committed 29504K, reserved 393216K
  class space    used 3673K, committed 3968K, reserved 327680K
}
Event: 2.985 GC heap after
{Heap after GC invocations=5 (full 0):
 garbage-first heap   total 262144K, used 22790K [0x00000000e0000000, 0x0000000100000000)
  region size 1024K, 3 young (3072K), 3 survivors (3072K)
 Metaspace       used 28930K, committed 29504K, reserved 393216K
  class space    used 3673K, committed 3968K, reserved 327680K
}
Event: 3.704 GC heap before
{Heap before GC invocations=5 (full 0):
 garbage-first heap   total 262144K, used 69894K [0x00000000e0000000, 0x0000000100000000)
  region size 1024K, 51 young (52224K), 3 survivors (3072K)
 Metaspace       used 35256K, committed 36096K, reserved 393216K
  class space    used 4718K, committed 5120K, reserved 327680K
}
Event: 3.709 GC heap after
{Heap after GC invocations=6 (full 0):
 garbage-first heap   total 262144K, used 26334K [0x00000000e0000000, 0x0000000100000000)
  region size 1024K, 6 young (6144K), 6 survivors (6144K)
 Metaspace       used 35256K, committed 36096K, reserved 393216K
  class space    used 4718K, committed 5120K, reserved 327680K
}
Event: 3.758 GC heap before
{Heap before GC invocations=6 (full 0):
 garbage-first heap   total 262144K, used 29406K [0x00000000e0000000, 0x0000000100000000)
  region size 1024K, 10 young (10240K), 6 survivors (6144K)
 Metaspace       used 35568K, committed 36416K, reserved 393216K
  class space    used 4770K, committed 5184K, reserved 327680K
}
Event: 3.763 GC heap after
{Heap after GC invocations=7 (full 0):
 garbage-first heap   total 262144K, used 26348K [0x00000000e0000000, 0x0000000100000000)
  region size 1024K, 6 young (6144K), 6 survivors (6144K)
 Metaspace       used 35568K, committed 36416K, reserved 393216K
  class space    used 4770K, committed 5184K, reserved 327680K
}
Event: 6.172 GC heap before
{Heap before GC invocations=8 (full 0):
 garbage-first heap   total 262144K, used 175852K [0x00000000e0000000, 0x0000000100000000)
  region size 1024K, 153 young (156672K), 6 survivors (6144K)
 Metaspace       used 52759K, committed 54208K, reserved 393216K
  class space    used 7142K, committed 7872K, reserved 327680K
}
Event: 6.190 GC heap after
{Heap after GC invocations=9 (full 0):
 garbage-first heap   total 262144K, used 36101K [0x00000000e0000000, 0x0000000100000000)
  region size 1024K, 16 young (16384K), 16 survivors (16384K)
 Metaspace       used 52759K, committed 54208K, reserved 393216K
  class space    used 7142K, committed 7872K, reserved 327680K
}
Event: 6.816 GC heap before
{Heap before GC invocations=9 (full 0):
 garbage-first heap   total 262144K, used 82181K [0x00000000e0000000, 0x0000000100000000)
  region size 1024K, 60 young (61440K), 16 survivors (16384K)
 Metaspace       used 59348K, committed 60800K, reserved 393216K
  class space    used 7967K, committed 8704K, reserved 327680K
}
Event: 6.832 GC heap after
{Heap after GC invocations=10 (full 0):
 garbage-first heap   total 262144K, used 37497K [0x00000000e0000000, 0x0000000100000000)
  region size 1024K, 12 young (12288K), 12 survivors (12288K)
 Metaspace       used 59348K, committed 60800K, reserved 393216K
  class space    used 7967K, committed 8704K, reserved 327680K
}
Event: 6.872 GC heap before
{Heap before GC invocations=10 (full 0):
 garbage-first heap   total 262144K, used 39545K [0x00000000e0000000, 0x0000000100000000)
  region size 1024K, 15 young (15360K), 12 survivors (12288K)
 Metaspace       used 59641K, committed 61120K, reserved 393216K
  class space    used 8011K, committed 8768K, reserved 327680K
}
Event: 6.883 GC heap after
{Heap after GC invocations=11 (full 0):
 garbage-first heap   total 262144K, used 37800K [0x00000000e0000000, 0x0000000100000000)
  region size 1024K, 3 young (3072K), 3 survivors (3072K)
 Metaspace       used 59641K, committed 61120K, reserved 393216K
  class space    used 8011K, committed 8768K, reserved 327680K
}
Event: 9.731 GC heap before
{Heap before GC invocations=12 (full 0):
 garbage-first heap   total 262144K, used 190376K [0x00000000e0000000, 0x0000000100000000)
  region size 1024K, 153 young (156672K), 3 survivors (3072K)
 Metaspace       used 68270K, committed 69952K, reserved 393216K
  class space    used 9216K, committed 10048K, reserved 327680K
}
Event: 9.742 GC heap after
{Heap after GC invocations=13 (full 0):
 garbage-first heap   total 262144K, used 48971K [0x00000000e0000000, 0x0000000100000000)
  region size 1024K, 14 young (14336K), 14 survivors (14336K)
 Metaspace       used 68270K, committed 69952K, reserved 393216K
  class space    used 9216K, committed 10048K, reserved 327680K
}
Event: 11.210 GC heap before
{Heap before GC invocations=13 (full 0):
 garbage-first heap   total 262144K, used 201547K [0x00000000e0000000, 0x0000000100000000)
  region size 1024K, 153 young (156672K), 14 survivors (14336K)
 Metaspace       used 69073K, committed 70784K, reserved 393216K
  class space    used 9335K, committed 10176K, reserved 327680K
}
Event: 11.240 GC heap after
{Heap after GC invocations=14 (full 0):
 garbage-first heap   total 262144K, used 67046K [0x00000000e0000000, 0x0000000100000000)
  region size 1024K, 12 young (12288K), 12 survivors (12288K)
 Metaspace       used 69073K, committed 70784K, reserved 393216K
  class space    used 9335K, committed 10176K, reserved 327680K
}
Event: 11.249 GC heap before
{Heap before GC invocations=14 (full 0):
 garbage-first heap   total 262144K, used 67046K [0x00000000e0000000, 0x0000000100000000)
  region size 1024K, 13 young (13312K), 12 survivors (12288K)
 Metaspace       used 69115K, committed 70784K, reserved 393216K
  class space    used 9344K, committed 10176K, reserved 327680K
}
Event: 11.291 GC heap after
{Heap after GC invocations=15 (full 0):
 garbage-first heap   total 262144K, used 69080K [0x00000000e0000000, 0x0000000100000000)
  region size 1024K, 2 young (2048K), 2 survivors (2048K)
 Metaspace       used 69115K, committed 70784K, reserved 393216K
  class space    used 9344K, committed 10176K, reserved 327680K
}
Event: 13.323 GC heap before
{Heap before GC invocations=16 (full 0):
 garbage-first heap   total 262144K, used 229848K [0x00000000e0000000, 0x0000000100000000)
  region size 1024K, 153 young (156672K), 2 survivors (2048K)
 Metaspace       used 83295K, committed 85248K, reserved 458752K
  class space    used 11076K, committed 12032K, reserved 327680K
}
Event: 13.330 GC heap after
{Heap after GC invocations=17 (full 0):
 garbage-first heap   total 262144K, used 80590K [0x00000000e0000000, 0x0000000100000000)
  region size 1024K, 10 young (10240K), 10 survivors (10240K)
 Metaspace       used 83295K, committed 85248K, reserved 458752K
  class space    used 11076K, committed 12032K, reserved 327680K
}

