# JRE version: OpenJDK Runtime Environment (21.0.5) (build 21.0.5+-13047016-b750.29)
# Java VM: OpenJDK 64-Bit Server VM (21.0.5+-13047016-b750.29, mixed mode, tiered, compressed oops, compressed class ptrs, g1 gc, windows-amd64)
GC Precious Log:
 CardTable entry size: 512
 Card Set container configuration: InlinePtr #cards 5 size 8 Array Of Cards #cards 12 size 40 Howl #buckets 4 coarsen threshold 1843 Howl Bitmap #cards 512 size 80 coarsen threshold 460 Card regions per heap region 1 cards per card region 2048
 CPUs: 4 total, 4 available
 Memory: 8080M
 Large Page Support: Disabled
 NUMA Support: Disabled
 Compressed Oops: Enabled (32-bit)
 Heap Region Size: 1M
 Heap Min Capacity: 8M
 Heap Initial Capacity: 128M
 Heap Max Capacity: 2G
 Pre-touch: Disabled
 Parallel Workers: 4
 Concurrent Workers: 1
 Concurrent Refinement Workers: 4
 Periodic GC: Disabled
Heap:
 garbage-first heap   total 387072K, used 364169K [0x0000000080000000, 0x0000000100000000)
  region size 1024K, 193 young (197632K), 22 survivors (22528K)
 Metaspace       used 124868K, committed 128768K, reserved 1179648K
  class space    used 15703K, committed 17408K, reserved 1048576K
GC Heap History (20 events):
Event: 2505.163 GC heap before
{Heap before GC invocations=104 (full 0):
 garbage-first heap   total 310272K, used 157016K [0x0000000080000000, 0x0000000100000000)
  region size 1024K, 16 young (16384K), 10 survivors (10240K)
 Metaspace       used 124484K, committed 128640K, reserved 1179648K
  class space    used 15696K, committed 17408K, reserved 1048576K
}
Event: 2505.173 GC heap after
{Heap after GC invocations=105 (full 0):
 garbage-first heap   total 310272K, used 145258K [0x0000000080000000, 0x0000000100000000)
  region size 1024K, 2 young (2048K), 2 survivors (2048K)
 Metaspace       used 124484K, committed 128640K, reserved 1179648K
  class space    used 15696K, committed 17408K, reserved 1048576K
}
Event: 2806.138 GC heap before
{Heap before GC invocations=106 (full 0):
 garbage-first heap   total 310272K, used 297834K [0x0000000080000000, 0x0000000100000000)
  region size 1024K, 120 young (122880K), 2 survivors (2048K)
 Metaspace       used 124593K, committed 128704K, reserved 1179648K
  class space    used 15698K, committed 17408K, reserved 1048576K
}
Event: 2806.180 GC heap after
{Heap after GC invocations=107 (full 0):
 garbage-first heap   total 311296K, used 143035K [0x0000000080000000, 0x0000000100000000)
  region size 1024K, 11 young (11264K), 11 survivors (11264K)
 Metaspace       used 124593K, committed 128704K, reserved 1179648K
  class space    used 15698K, committed 17408K, reserved 1048576K
}
Event: 2807.802 GC heap before
{Heap before GC invocations=107 (full 0):
 garbage-first heap   total 311296K, used 267963K [0x0000000080000000, 0x0000000100000000)
  region size 1024K, 133 young (136192K), 11 survivors (11264K)
 Metaspace       used 124611K, committed 128704K, reserved 1179648K
  class space    used 15698K, committed 17408K, reserved 1048576K
}
Event: 2807.861 GC heap after
{Heap after GC invocations=108 (full 0):
 garbage-first heap   total 311296K, used 139518K [0x0000000080000000, 0x0000000100000000)
  region size 1024K, 13 young (13312K), 13 survivors (13312K)
 Metaspace       used 124611K, committed 128704K, reserved 1179648K
  class space    used 15698K, committed 17408K, reserved 1048576K
}
Event: 2808.079 GC heap before
{Heap before GC invocations=108 (full 0):
 garbage-first heap   total 311296K, used 267518K [0x0000000080000000, 0x0000000100000000)
  region size 1024K, 139 young (142336K), 13 survivors (13312K)
 Metaspace       used 124614K, committed 128704K, reserved 1179648K
  class space    used 15698K, committed 17408K, reserved 1048576K
}
Event: 2808.098 GC heap after
{Heap after GC invocations=109 (full 0):
 garbage-first heap   total 311296K, used 140800K [0x0000000080000000, 0x0000000100000000)
  region size 1024K, 3 young (3072K), 3 survivors (3072K)
 Metaspace       used 124614K, committed 128704K, reserved 1179648K
  class space    used 15698K, committed 17408K, reserved 1048576K
}
Event: 2808.561 GC heap before
{Heap before GC invocations=110 (full 0):
 garbage-first heap   total 311296K, used 275968K [0x0000000080000000, 0x0000000100000000)
  region size 1024K, 135 young (138240K), 3 survivors (3072K)
 Metaspace       used 124619K, committed 128704K, reserved 1179648K
  class space    used 15698K, committed 17408K, reserved 1048576K
}
Event: 2808.568 GC heap after
{Heap after GC invocations=111 (full 0):
 garbage-first heap   total 311296K, used 140635K [0x0000000080000000, 0x0000000100000000)
  region size 1024K, 3 young (3072K), 3 survivors (3072K)
 Metaspace       used 124619K, committed 128704K, reserved 1179648K
  class space    used 15698K, committed 17408K, reserved 1048576K
}
Event: 2808.883 GC heap before
{Heap before GC invocations=111 (full 0):
 garbage-first heap   total 311296K, used 279899K [0x0000000080000000, 0x0000000100000000)
  region size 1024K, 140 young (143360K), 3 survivors (3072K)
 Metaspace       used 124619K, committed 128704K, reserved 1179648K
  class space    used 15698K, committed 17408K, reserved 1048576K
}
Event: 2808.894 GC heap after
{Heap after GC invocations=112 (full 0):
 garbage-first heap   total 311296K, used 133265K [0x0000000080000000, 0x0000000100000000)
  region size 1024K, 5 young (5120K), 5 survivors (5120K)
 Metaspace       used 124619K, committed 128704K, reserved 1179648K
  class space    used 15698K, committed 17408K, reserved 1048576K
}
Event: 2809.240 GC heap before
{Heap before GC invocations=112 (full 0):
 garbage-first heap   total 311296K, used 282769K [0x0000000080000000, 0x0000000100000000)
  region size 1024K, 151 young (154624K), 5 survivors (5120K)
 Metaspace       used 124619K, committed 128704K, reserved 1179648K
  class space    used 15698K, committed 17408K, reserved 1048576K
}
Event: 2809.251 GC heap after
{Heap after GC invocations=113 (full 0):
 garbage-first heap   total 373760K, used 132327K [0x0000000080000000, 0x0000000100000000)
  region size 1024K, 4 young (4096K), 4 survivors (4096K)
 Metaspace       used 124619K, committed 128704K, reserved 1179648K
  class space    used 15698K, committed 17408K, reserved 1048576K
}
Event: 2809.906 GC heap before
{Heap before GC invocations=114 (full 0):
 garbage-first heap   total 373760K, used 341223K [0x0000000080000000, 0x0000000100000000)
  region size 1024K, 208 young (212992K), 4 survivors (4096K)
 Metaspace       used 124624K, committed 128704K, reserved 1179648K
  class space    used 15698K, committed 17408K, reserved 1048576K
}
Event: 2809.915 GC heap after
{Heap after GC invocations=115 (full 0):
 garbage-first heap   total 373760K, used 132357K [0x0000000080000000, 0x0000000100000000)
  region size 1024K, 4 young (4096K), 4 survivors (4096K)
 Metaspace       used 124624K, committed 128704K, reserved 1179648K
  class space    used 15698K, committed 17408K, reserved 1048576K
}
Event: 3028.564 GC heap before
{Heap before GC invocations=115 (full 0):
 garbage-first heap   total 373760K, used 371973K [0x0000000080000000, 0x0000000100000000)
  region size 1024K, 195 young (199680K), 4 survivors (4096K)
 Metaspace       used 124685K, committed 128704K, reserved 1179648K
  class space    used 15698K, committed 17408K, reserved 1048576K
}
Event: 3028.707 GC heap after
{Heap after GC invocations=116 (full 0):
 garbage-first heap   total 387072K, used 133769K [0x0000000080000000, 0x0000000100000000)
  region size 1024K, 10 young (10240K), 10 survivors (10240K)
 Metaspace       used 124685K, committed 128704K, reserved 1179648K
  class space    used 15698K, committed 17408K, reserved 1048576K
}
Event: 3039.398 GC heap before
{Heap before GC invocations=116 (full 0):
 garbage-first heap   total 387072K, used 259721K [0x0000000080000000, 0x0000000100000000)
  region size 1024K, 135 young (138240K), 10 survivors (10240K)
 Metaspace       used 124748K, committed 128704K, reserved 1179648K
  class space    used 15699K, committed 17408K, reserved 1048576K
}
Event: 3039.420 GC heap after
{Heap after GC invocations=117 (full 0):
 garbage-first heap   total 387072K, used 146057K [0x0000000080000000, 0x0000000100000000)
  region size 1024K, 22 young (22528K), 22 survivors (22528K)
 Metaspace       used 124748K, committed 128704K, reserved 1179648K
  class space    used 15699K, committed 17408K, reserved 1048576K
}

