# JRE version: OpenJDK Runtime Environment (21.0.5) (build 21.0.5+-13047016-b750.29)
# Java VM: OpenJDK 64-Bit Server VM (21.0.5+-13047016-b750.29, mixed mode, tiered, compressed oops, compressed class ptrs, g1 gc, windows-amd64)
GC Precious Log:
 CardTable entry size: 512
 Card Set container configuration: InlinePtr #cards 5 size 8 Array Of Cards #cards 12 size 40 Howl #buckets 4 coarsen threshold 1843 Howl Bitmap #cards 512 size 80 coarsen threshold 460 Card regions per heap region 1 cards per card region 2048
 CPUs: 4 total, 4 available
 Memory: 8080M
 Large Page Support: Disabled
 NUMA Support: Disabled
 Compressed Oops: Enabled (32-bit)
 Heap Region Size: 1M
 Heap Min Capacity: 8M
 Heap Initial Capacity: 128M
 Heap Max Capacity: 2G
 Pre-touch: Disabled
 Parallel Workers: 4
 Concurrent Workers: 1
 Concurrent Refinement Workers: 4
 Periodic GC: Disabled
Heap:
 garbage-first heap   total 321536K, used 237679K [0x0000000080000000, 0x0000000100000000)
  region size 1024K, 54 young (55296K), 9 survivors (9216K)
 Metaspace       used 184674K, committed 187584K, reserved 1245184K
  class space    used 23697K, committed 25152K, reserved 1048576K
GC Heap History (20 events):
Event: 47.105 GC heap before
{Heap before GC invocations=57 (full 0):
 garbage-first heap   total 252928K, used 232091K [0x0000000080000000, 0x0000000100000000)
  region size 1024K, 80 young (81920K), 7 survivors (7168K)
 Metaspace       used 157853K, committed 160448K, reserved 1245184K
  class space    used 20016K, committed 21312K, reserved 1048576K
}
Event: 47.112 GC heap after
{Heap after GC invocations=58 (full 0):
 garbage-first heap   total 252928K, used 160013K [0x0000000080000000, 0x0000000100000000)
  region size 1024K, 3 young (3072K), 3 survivors (3072K)
 Metaspace       used 157853K, committed 160448K, reserved 1245184K
  class space    used 20016K, committed 21312K, reserved 1048576K
}
Event: 49.392 GC heap before
{Heap before GC invocations=59 (full 0):
 garbage-first heap   total 266240K, used 234765K [0x0000000080000000, 0x0000000100000000)
  region size 1024K, 77 young (78848K), 3 survivors (3072K)
 Metaspace       used 160199K, committed 162880K, reserved 1245184K
  class space    used 20375K, committed 21696K, reserved 1048576K
}
Event: 49.399 GC heap after
{Heap after GC invocations=60 (full 0):
 garbage-first heap   total 266240K, used 165133K [0x0000000080000000, 0x0000000100000000)
  region size 1024K, 9 young (9216K), 9 survivors (9216K)
 Metaspace       used 160199K, committed 162880K, reserved 1245184K
  class space    used 20375K, committed 21696K, reserved 1048576K
}
Event: 51.406 GC heap before
{Heap before GC invocations=60 (full 0):
 garbage-first heap   total 266240K, used 243981K [0x0000000080000000, 0x0000000100000000)
  region size 1024K, 85 young (87040K), 9 survivors (9216K)
 Metaspace       used 166166K, committed 168832K, reserved 1245184K
  class space    used 21307K, committed 22656K, reserved 1048576K
}
Event: 51.416 GC heap after
{Heap after GC invocations=61 (full 0):
 garbage-first heap   total 266240K, used 161917K [0x0000000080000000, 0x0000000100000000)
  region size 1024K, 3 young (3072K), 3 survivors (3072K)
 Metaspace       used 166166K, committed 168832K, reserved 1245184K
  class space    used 21307K, committed 22656K, reserved 1048576K
}
Event: 53.756 GC heap before
{Heap before GC invocations=61 (full 0):
 garbage-first heap   total 266240K, used 245885K [0x0000000080000000, 0x0000000100000000)
  region size 1024K, 85 young (87040K), 3 survivors (3072K)
 Metaspace       used 171386K, committed 174144K, reserved 1245184K
  class space    used 22092K, committed 23488K, reserved 1048576K
}
Event: 53.766 GC heap after
{Heap after GC invocations=62 (full 0):
 garbage-first heap   total 266240K, used 167514K [0x0000000080000000, 0x0000000100000000)
  region size 1024K, 9 young (9216K), 9 survivors (9216K)
 Metaspace       used 171386K, committed 174144K, reserved 1245184K
  class space    used 22092K, committed 23488K, reserved 1048576K
}
Event: 55.577 GC heap before
{Heap before GC invocations=63 (full 0):
 garbage-first heap   total 281600K, used 244314K [0x0000000080000000, 0x0000000100000000)
  region size 1024K, 80 young (81920K), 9 survivors (9216K)
 Metaspace       used 174469K, committed 177280K, reserved 1245184K
  class space    used 22407K, committed 23808K, reserved 1048576K
}
Event: 55.589 GC heap after
{Heap after GC invocations=64 (full 0):
 garbage-first heap   total 281600K, used 168008K [0x0000000080000000, 0x0000000100000000)
  region size 1024K, 9 young (9216K), 9 survivors (9216K)
 Metaspace       used 174469K, committed 177280K, reserved 1245184K
  class space    used 22407K, committed 23808K, reserved 1048576K
}
Event: 59.443 GC heap before
{Heap before GC invocations=64 (full 0):
 garbage-first heap   total 281600K, used 269384K [0x0000000080000000, 0x0000000100000000)
  region size 1024K, 94 young (96256K), 9 survivors (9216K)
 Metaspace       used 180240K, committed 183104K, reserved 1245184K
  class space    used 23228K, committed 24640K, reserved 1048576K
}
Event: 59.461 GC heap after
{Heap after GC invocations=65 (full 0):
 garbage-first heap   total 289792K, used 187770K [0x0000000080000000, 0x0000000100000000)
  region size 1024K, 10 young (10240K), 10 survivors (10240K)
 Metaspace       used 180240K, committed 183104K, reserved 1245184K
  class space    used 23228K, committed 24640K, reserved 1048576K
}
Event: 60.031 GC heap before
{Heap before GC invocations=65 (full 0):
 garbage-first heap   total 289792K, used 263546K [0x0000000080000000, 0x0000000100000000)
  region size 1024K, 84 young (86016K), 10 survivors (10240K)
 Metaspace       used 180242K, committed 183104K, reserved 1245184K
  class space    used 23228K, committed 24640K, reserved 1048576K
}
Event: 60.041 GC heap after
{Heap after GC invocations=66 (full 0):
 garbage-first heap   total 289792K, used 190096K [0x0000000080000000, 0x0000000100000000)
  region size 1024K, 5 young (5120K), 5 survivors (5120K)
 Metaspace       used 180242K, committed 183104K, reserved 1245184K
  class space    used 23228K, committed 24640K, reserved 1048576K
}
Event: 60.666 GC heap before
{Heap before GC invocations=67 (full 0):
 garbage-first heap   total 317440K, used 267920K [0x0000000080000000, 0x0000000100000000)
  region size 1024K, 81 young (82944K), 5 survivors (5120K)
 Metaspace       used 180242K, committed 183104K, reserved 1245184K
  class space    used 23228K, committed 24640K, reserved 1048576K
}
Event: 60.670 GC heap after
{Heap after GC invocations=68 (full 0):
 garbage-first heap   total 317440K, used 190913K [0x0000000080000000, 0x0000000100000000)
  region size 1024K, 6 young (6144K), 6 survivors (6144K)
 Metaspace       used 180242K, committed 183104K, reserved 1245184K
  class space    used 23228K, committed 24640K, reserved 1048576K
}
Event: 61.299 GC heap before
{Heap before GC invocations=68 (full 0):
 garbage-first heap   total 317440K, used 286145K [0x0000000080000000, 0x0000000100000000)
  region size 1024K, 100 young (102400K), 6 survivors (6144K)
 Metaspace       used 180242K, committed 183104K, reserved 1245184K
  class space    used 23228K, committed 24640K, reserved 1048576K
}
Event: 61.307 GC heap after
{Heap after GC invocations=69 (full 0):
 garbage-first heap   total 317440K, used 191249K [0x0000000080000000, 0x0000000100000000)
  region size 1024K, 8 young (8192K), 8 survivors (8192K)
 Metaspace       used 180242K, committed 183104K, reserved 1245184K
  class space    used 23228K, committed 24640K, reserved 1048576K
}
Event: 62.206 GC heap before
{Heap before GC invocations=69 (full 0):
 garbage-first heap   total 317440K, used 290577K [0x0000000080000000, 0x0000000100000000)
  region size 1024K, 105 young (107520K), 8 survivors (8192K)
 Metaspace       used 180516K, committed 183360K, reserved 1245184K
  class space    used 23248K, committed 24640K, reserved 1048576K
}
Event: 62.213 GC heap after
{Heap after GC invocations=70 (full 0):
 garbage-first heap   total 317440K, used 191599K [0x0000000080000000, 0x0000000100000000)
  region size 1024K, 9 young (9216K), 9 survivors (9216K)
 Metaspace       used 180516K, committed 183360K, reserved 1245184K
  class space    used 23248K, committed 24640K, reserved 1048576K
}

